This is pdfTeX, Version 3.141592653-2.6-1.40.23 (MiKTeX 21.8) (preloaded format=pdflatex 2021.9.10)  28 SEP 2021 17:31
entering extended mode
**./Tesi.tex
(Tesi.tex
LaTeX2e <2021-06-01> patch level 1
L3 programming layer <2021-08-27>
(C:\Users\Giorgio\AppData\Local\Programs\MiKTeX\tex/latex/base\report.cls
Document Class: report 2021/02/12 v1.4n Standard LaTeX document class
(C:\Users\Giorgio\AppData\Local\Programs\MiKTeX\tex/latex/base\size10.clo
File: size10.clo 2021/02/12 v1.4n Standard LaTeX file (size option)
)
\c@part=\count182
\c@chapter=\count183
\c@section=\count184
\c@subsection=\count185
\c@subsubsection=\count186
\c@paragraph=\count187
\c@subparagraph=\count188
\c@figure=\count189
\c@table=\count190
\abovecaptionskip=\skip47
\belowcaptionskip=\skip48
\bibindent=\dimen138
)
(C:\Users\Giorgio\AppData\Local\Programs\MiKTeX\tex/generic/babel\babel.sty
Package: babel 2021/07/22 3.63 The Babel package

(C:\Users\Giorgio\AppData\Local\Programs\MiKTeX\tex/generic/babel\babel.def
File: babel.def 2021/07/22 3.63 Babel common definitions
\babel@savecnt=\count191
\U@D=\dimen139
\l@unhyphenated=\language79

(C:\Users\Giorgio\AppData\Local\Programs\MiKTeX\tex/generic/babel\txtbabel.def)
\bbl@readstream=\read2
)
\bbl@dirlevel=\count192

*************************************
* Local config file bblopts.cfg used
*
(C:\Users\Giorgio\AppData\Local\Programs\MiKTeX\tex/latex/arabi\bblopts.cfg
File: bblopts.cfg 2005/09/08 v0.1 add Arabic and Farsi to "declared" options of
 babel
)
(C:\Users\Giorgio\AppData\Local\Programs\MiKTeX\tex/latex/babel-italian\italian
.ldf
Language: italian 2020/05/21 v.1.4.04 Italian support for the babel system
\it@lettering=\count193
\it@doublequoteactive=\count194
\it@ISOcompliance=\count195
))
(C:\Users\Giorgio\AppData\Local\Programs\MiKTeX\tex/latex/etoolbox\etoolbox.sty
Package: etoolbox 2020/10/05 v2.5k e-TeX tools for LaTeX (JAW)
\etb@tempcnta=\count196
) (C:\Users\Giorgio\AppData\Local\Programs\MiKTeX\tex/latex/base\fontenc.sty
Package: fontenc 2021/04/29 v2.0v Standard LaTeX package
)
(C:\Users\Giorgio\AppData\Local\Programs\MiKTeX\tex/latex/base\inputenc.sty
Package: inputenc 2021/02/14 v1.3d Input encoding file
\inpenc@prehook=\toks16
\inpenc@posthook=\toks17
)
(C:\Users\Giorgio\AppData\Local\Programs\MiKTeX\tex/latex/graphics\graphicx.sty
Package: graphicx 2020/12/05 v1.2c Enhanced LaTeX Graphics (DPC,SPQR)
(C:\Users\Giorgio\AppData\Local\Programs\MiKTeX\tex/latex/graphics\keyval.sty
Package: keyval 2014/10/28 v1.15 key=value parser (DPC)
\KV@toks@=\toks18
)
(C:\Users\Giorgio\AppData\Local\Programs\MiKTeX\tex/latex/graphics\graphics.sty
Package: graphics 2021/03/04 v1.4d Standard LaTeX Graphics (DPC,SPQR)
(C:\Users\Giorgio\AppData\Local\Programs\MiKTeX\tex/latex/graphics\trig.sty
Package: trig 2016/01/03 v1.10 sin cos tan (DPC)
)
(C:\Users\Giorgio\AppData\Local\Programs\MiKTeX\tex/latex/graphics-cfg\graphics
.cfg
File: graphics.cfg 2016/06/04 v1.11 sample graphics configuration
)
Package graphics Info: Driver file: pdftex.def on input line 107.

(C:\Users\Giorgio\AppData\Local\Programs\MiKTeX\tex/latex/graphics-def\pdftex.d
ef
File: pdftex.def 2020/10/05 v1.2a Graphics/color driver for pdftex
))
\Gin@req@height=\dimen140
\Gin@req@width=\dimen141
)
(C:\Users\Giorgio\AppData\Local\Programs\MiKTeX\tex/latex/hyperref\hyperref.sty
Package: hyperref 2021-06-07 v7.00m Hypertext links for LaTeX

(C:\Users\Giorgio\AppData\Local\Programs\MiKTeX\tex/generic/ltxcmds\ltxcmds.sty
Package: ltxcmds 2020-05-10 v1.25 LaTeX kernel commands for general use (HO)
) (C:\Users\Giorgio\AppData\Local\Programs\MiKTeX\tex/generic/iftex\iftex.sty
Package: iftex 2020/03/06 v1.0d TeX engine tests
)
(C:\Users\Giorgio\AppData\Local\Programs\MiKTeX\tex/generic/pdftexcmds\pdftexcm
ds.sty
Package: pdftexcmds 2020-06-27 v0.33 Utility functions of pdfTeX for LuaTeX (HO
)

(C:\Users\Giorgio\AppData\Local\Programs\MiKTeX\tex/generic/infwarerr\infwarerr
.sty
Package: infwarerr 2019/12/03 v1.5 Providing info/warning/error messages (HO)
)
Package pdftexcmds Info: \pdf@primitive is available.
Package pdftexcmds Info: \pdf@ifprimitive is available.
Package pdftexcmds Info: \pdfdraftmode found.
)
(C:\Users\Giorgio\AppData\Local\Programs\MiKTeX\tex/generic/kvsetkeys\kvsetkeys
.sty
Package: kvsetkeys 2019/12/15 v1.18 Key value parser (HO)
)
(C:\Users\Giorgio\AppData\Local\Programs\MiKTeX\tex/generic/kvdefinekeys\kvdefi
nekeys.sty
Package: kvdefinekeys 2019-12-19 v1.6 Define keys (HO)
)
(C:\Users\Giorgio\AppData\Local\Programs\MiKTeX\tex/generic/pdfescape\pdfescape
.sty
Package: pdfescape 2019/12/09 v1.15 Implements pdfTeX's escape features (HO)
)
(C:\Users\Giorgio\AppData\Local\Programs\MiKTeX\tex/latex/hycolor\hycolor.sty
Package: hycolor 2020-01-27 v1.10 Color options for hyperref/bookmark (HO)
)
(C:\Users\Giorgio\AppData\Local\Programs\MiKTeX\tex/latex/letltxmacro\letltxmac
ro.sty
Package: letltxmacro 2019/12/03 v1.6 Let assignment for LaTeX macros (HO)
)
(C:\Users\Giorgio\AppData\Local\Programs\MiKTeX\tex/latex/auxhook\auxhook.sty
Package: auxhook 2019-12-17 v1.6 Hooks for auxiliary files (HO)
)
(C:\Users\Giorgio\AppData\Local\Programs\MiKTeX\tex/latex/kvoptions\kvoptions.s
ty
Package: kvoptions 2020-10-07 v3.14 Key value format for package options (HO)
)
\@linkdim=\dimen142
\Hy@linkcounter=\count197
\Hy@pagecounter=\count198

(C:\Users\Giorgio\AppData\Local\Programs\MiKTeX\tex/latex/hyperref\pd1enc.def
File: pd1enc.def 2021-06-07 v7.00m Hyperref: PDFDocEncoding definition (HO)
Now handling font encoding PD1 ...
... no UTF-8 mapping file for font encoding PD1
)
(C:\Users\Giorgio\AppData\Local\Programs\MiKTeX\tex/latex/hyperref\hyperref-lan
gpatches.def
File: hyperref-langpatches.def 2021-06-07 v7.00m Hyperref: patches for babel la
nguages
)
(C:\Users\Giorgio\AppData\Local\Programs\MiKTeX\tex/generic/intcalc\intcalc.sty
Package: intcalc 2019/12/15 v1.3 Expandable calculations with integers (HO)
)
(C:\Users\Giorgio\AppData\Local\Programs\MiKTeX\tex/generic/etexcmds\etexcmds.s
ty
Package: etexcmds 2019/12/15 v1.7 Avoid name clashes with e-TeX commands (HO)
)
\Hy@SavedSpaceFactor=\count199

(C:\Users\Giorgio\AppData\Local\Programs\MiKTeX\tex/latex/hyperref\puenc.def
File: puenc.def 2021-06-07 v7.00m Hyperref: PDF Unicode definition (HO)
Now handling font encoding PU ...
... no UTF-8 mapping file for font encoding PU
)
Package hyperref Info: Hyper figures OFF on input line 4192.
Package hyperref Info: Link nesting OFF on input line 4197.
Package hyperref Info: Hyper index ON on input line 4200.
Package hyperref Info: Plain pages OFF on input line 4207.
Package hyperref Info: Backreferencing OFF on input line 4212.
Package hyperref Info: Implicit mode ON; LaTeX internals redefined.
Package hyperref Info: Bookmarks ON on input line 4445.
\c@Hy@tempcnt=\count266

(C:\Users\Giorgio\AppData\Local\Programs\MiKTeX\tex/latex/url\url.sty
\Urlmuskip=\muskip16
Package: url 2013/09/16  ver 3.4  Verb mode for urls, etc.
)
LaTeX Info: Redefining \url on input line 4804.
\XeTeXLinkMargin=\dimen143

(C:\Users\Giorgio\AppData\Local\Programs\MiKTeX\tex/generic/bitset\bitset.sty
Package: bitset 2019/12/09 v1.3 Handle bit-vector datatype (HO)

(C:\Users\Giorgio\AppData\Local\Programs\MiKTeX\tex/generic/bigintcalc\bigintca
lc.sty
Package: bigintcalc 2019/12/15 v1.5 Expandable calculations on big integers (HO
)
))
\Fld@menulength=\count267
\Field@Width=\dimen144
\Fld@charsize=\dimen145
Package hyperref Info: Hyper figures OFF on input line 6076.
Package hyperref Info: Link nesting OFF on input line 6081.
Package hyperref Info: Hyper index ON on input line 6084.
Package hyperref Info: backreferencing OFF on input line 6091.
Package hyperref Info: Link coloring OFF on input line 6096.
Package hyperref Info: Link coloring with OCG OFF on input line 6101.
Package hyperref Info: PDF/A mode OFF on input line 6106.
LaTeX Info: Redefining \ref on input line 6146.
LaTeX Info: Redefining \pageref on input line 6150.

(C:\Users\Giorgio\AppData\Local\Programs\MiKTeX\tex/latex/base\atbegshi-ltx.sty
Package: atbegshi-ltx 2021/01/10 v1.0c Emulation of the original atbegshi
package with kernel methods
)
\Hy@abspage=\count268
\c@Item=\count269
\c@Hfootnote=\count270
)
Package hyperref Info: Driver (autodetected): hpdftex.

(C:\Users\Giorgio\AppData\Local\Programs\MiKTeX\tex/latex/hyperref\hpdftex.def
File: hpdftex.def 2021-06-07 v7.00m Hyperref driver for pdfTeX

(C:\Users\Giorgio\AppData\Local\Programs\MiKTeX\tex/latex/base\atveryend-ltx.st
y
Package: atveryend-ltx 2020/08/19 v1.0a Emulation of the original atvery packag
e
with kernel methods
)
\Fld@listcount=\count271
\c@bookmark@seq@number=\count272

(C:\Users\Giorgio\AppData\Local\Programs\MiKTeX\tex/latex/rerunfilecheck\rerunf
ilecheck.sty
Package: rerunfilecheck 2019/12/05 v1.9 Rerun checks for auxiliary files (HO)

(C:\Users\Giorgio\AppData\Local\Programs\MiKTeX\tex/generic/uniquecounter\uniqu
ecounter.sty
Package: uniquecounter 2019/12/15 v1.4 Provide unlimited unique counter (HO)
)
Package uniquecounter Info: New unique counter `rerunfilecheck' on input line 2
86.
)
\Hy@SectionHShift=\skip49
)
(C:\Users\Giorgio\AppData\Local\Programs\MiKTeX\tex/latex/fancyhdr\fancyhdr.sty
Package: fancyhdr 2021/01/28 v4.0.1 Extensive control of page headers and foote
rs
\f@nch@headwidth=\skip50
\f@nch@O@elh=\skip51
\f@nch@O@erh=\skip52
\f@nch@O@olh=\skip53
\f@nch@O@orh=\skip54
\f@nch@O@elf=\skip55
\f@nch@O@erf=\skip56
\f@nch@O@olf=\skip57
\f@nch@O@orf=\skip58
)
(C:\Users\Giorgio\AppData\Local\Programs\MiKTeX\tex/latex/frontespizio\frontesp
izio.sty
Package: frontespizio 2011/09/21 1.4a (Enrico Gregorio)

(C:\Users\Giorgio\AppData\Local\Programs\MiKTeX\tex/latex/tools\afterpage.sty
Package: afterpage 2014/10/28 v1.08 After-Page Package (DPC)
\AP@output=\toks19
\AP@partial=\box50
\AP@footins=\box51
)
(C:\Users\Giorgio\AppData\Local\Programs\MiKTeX\tex/latex/environ\environ.sty
Package: environ 2014/05/04 v0.3 A new way to define environments

(C:\Users\Giorgio\AppData\Local\Programs\MiKTeX\tex/latex/trimspaces\trimspaces
.sty
Package: trimspaces 2009/09/17 v1.1 Trim spaces around a token list
)
\@envbody=\toks20
)
(C:\Users\Giorgio\AppData\Local\Programs\MiKTeX\tex/generic/iftex\ifpdf.sty
Package: ifpdf 2019/10/25 v3.4 ifpdf legacy package. Use iftex instead.
)
(C:\Users\Giorgio\AppData\Local\Programs\MiKTeX\tex/generic/iftex\ifxetex.sty
Package: ifxetex 2019/10/25 v0.7 ifxetex legacy package. Use iftex instead.
)
\front@out=\write3
\openout3 = `Tesi-frn.tex'.

) (C:\Users\Giorgio\AppData\Local\Programs\MiKTeX\tex/latex/wrapfig\wrapfig.sty
\wrapoverhang=\dimen146
\WF@size=\dimen147
\c@WF@wrappedlines=\count273
\WF@box=\box52
\WF@everypar=\toks21
Package: wrapfig 2003/01/31  v 3.6
)
(C:\Users\Giorgio\AppData\Local\Programs\MiKTeX\tex/latex/listings\listings.sty
\lst@mode=\count274
\lst@gtempboxa=\box53
\lst@token=\toks22
\lst@length=\count275
\lst@currlwidth=\dimen148
\lst@column=\count276
\lst@pos=\count277
\lst@lostspace=\dimen149
\lst@width=\dimen150
\lst@newlines=\count278
\lst@lineno=\count279
\lst@maxwidth=\dimen151
(C:\Users\Giorgio\AppData\Local\Programs\MiKTeX\tex/latex/listings\lstmisc.sty
File: lstmisc.sty 2020/03/24 1.8d (Carsten Heinz)
\c@lstnumber=\count280
\lst@skipnumbers=\count281
\lst@framebox=\box54
)
(C:\Users\Giorgio\AppData\Local\Programs\MiKTeX\tex/latex/listings\listings.cfg
File: listings.cfg 2020/03/24 1.8d listings configuration
))
Package: listings 2020/03/24 1.8d (Carsten Heinz)
 (C:\Users\Giorgio\AppData\Local\Programs\MiKTeX\tex/latex/xcolor\xcolor.sty
Package: xcolor 2016/05/11 v2.12 LaTeX color extensions (UK)

(C:\Users\Giorgio\AppData\Local\Programs\MiKTeX\tex/latex/graphics-cfg\color.cf
g
File: color.cfg 2016/01/02 v1.6 sample color configuration
)
Package xcolor Info: Driver file: pdftex.def on input line 225.
Package xcolor Info: Model `cmy' substituted by `cmy0' on input line 1348.
Package xcolor Info: Model `hsb' substituted by `rgb' on input line 1352.
Package xcolor Info: Model `RGB' extended on input line 1364.
Package xcolor Info: Model `HTML' substituted by `rgb' on input line 1366.
Package xcolor Info: Model `Hsb' substituted by `hsb' on input line 1367.
Package xcolor Info: Model `tHsb' substituted by `hsb' on input line 1368.
Package xcolor Info: Model `HSB' substituted by `hsb' on input line 1369.
Package xcolor Info: Model `Gray' substituted by `gray' on input line 1370.
Package xcolor Info: Model `wave' substituted by `hsb' on input line 1371.
) (solidity-highlighting.tex)
(C:\Users\Giorgio\AppData\Local\Programs\MiKTeX\tex/latex/l3backend\l3backend-p
dftex.def
File: l3backend-pdftex.def 2021-08-04 L3 backend support: PDF output (pdfTeX)
\l__color_backend_stack_int=\count282
\l__pdf_internal_box=\box55
) (Tesi.aux

LaTeX Warning: Label `fig:besu-imported-produced' multiply defined.


LaTeX Warning: Label `' multiply defined.

)
\openout1 = `Tesi.aux'.

LaTeX Font Info:    Checking defaults for OML/cmm/m/it on input line 83.
LaTeX Font Info:    ... okay on input line 83.
LaTeX Font Info:    Checking defaults for OMS/cmsy/m/n on input line 83.
LaTeX Font Info:    ... okay on input line 83.
LaTeX Font Info:    Checking defaults for OT1/cmr/m/n on input line 83.
LaTeX Font Info:    ... okay on input line 83.
LaTeX Font Info:    Checking defaults for T1/cmr/m/n on input line 83.
LaTeX Font Info:    ... okay on input line 83.
LaTeX Font Info:    Checking defaults for TS1/cmr/m/n on input line 83.
LaTeX Font Info:    ... okay on input line 83.
LaTeX Font Info:    Checking defaults for OMX/cmex/m/n on input line 83.
LaTeX Font Info:    ... okay on input line 83.
LaTeX Font Info:    Checking defaults for U/cmr/m/n on input line 83.
LaTeX Font Info:    ... okay on input line 83.
LaTeX Font Info:    Checking defaults for PD1/pdf/m/n on input line 83.
LaTeX Font Info:    ... okay on input line 83.
LaTeX Font Info:    Checking defaults for PU/pdf/m/n on input line 83.
LaTeX Font Info:    ... okay on input line 83.
LaTeX Info: Redefining \it@ocap on input line 83.
LaTeX Info: Redefining \it@ccap on input line 83.

(C:\Users\Giorgio\AppData\Local\Programs\MiKTeX\tex/context/base/mkii\supp-pdf.
mkii
[Loading MPS to PDF converter (version 2006.09.02).]
\scratchcounter=\count283
\scratchdimen=\dimen152
\scratchbox=\box56
\nofMPsegments=\count284
\nofMParguments=\count285
\everyMPshowfont=\toks23
\MPscratchCnt=\count286
\MPscratchDim=\dimen153
\MPnumerator=\count287
\makeMPintoPDFobject=\count288
\everyMPtoPDFconversion=\toks24
)
(C:\Users\Giorgio\AppData\Local\Programs\MiKTeX\tex/latex/epstopdf-pkg\epstopdf
-base.sty
Package: epstopdf-base 2020-01-24 v2.11 Base part for package epstopdf
Package epstopdf-base Info: Redefining graphics rule for `.eps' on input line 4
85.

(C:\Users\Giorgio\AppData\Local\Programs\MiKTeX\tex/latex/00miktex\epstopdf-sys
.cfg
File: epstopdf-sys.cfg 2021/03/18 v2.0 Configuration of epstopdf for MiKTeX
))
Package hyperref Info: Link coloring OFF on input line 83.

(C:\Users\Giorgio\AppData\Local\Programs\MiKTeX\tex/latex/hyperref\nameref.sty
Package: nameref 2021-04-02 v2.47 Cross-referencing by name of section

(C:\Users\Giorgio\AppData\Local\Programs\MiKTeX\tex/latex/refcount\refcount.sty
Package: refcount 2019/12/15 v3.6 Data extraction from label references (HO)
)
(C:\Users\Giorgio\AppData\Local\Programs\MiKTeX\tex/generic/gettitlestring\gett
itlestring.sty
Package: gettitlestring 2019/12/15 v1.6 Cleanup title references (HO)
)
\c@section@level=\count289
)
LaTeX Info: Redefining \ref on input line 83.
LaTeX Info: Redefining \pageref on input line 83.
LaTeX Info: Redefining \nameref on input line 83.
 (Tesi.out) (Tesi.out)
\@outlinefile=\write4
\openout4 = `Tesi.out'.

\c@lstlisting=\count290
<Tesi-frn.pdf, id=215, 597.50829pt x 845.0471pt>
File: Tesi-frn.pdf Graphic file (type pdf)
<use Tesi-frn.pdf>
Package pdftex.def Info: Tesi-frn.pdf  used on input line 85.
(pdftex.def)             Requested size: 597.50682pt x 845.04504pt.
 [1

 <./Tesi-frn.pdf{C:/Users/Giorgio/AppData/Local/MiKTeX/pdftex/config/pdftex.map
}>]pdfTeX warning (ext4): destination with the same identifier (name{page.1}) h
as been already used, duplicate ignored
<to be read again> 
                   \relax 
l.106 \end{abstract}
                     [1] (Tesi.toc
LaTeX Font Info:    External font `cmex10' loaded for size
(Font)              <7> on input line 4.
LaTeX Font Info:    External font `cmex10' loaded for size
(Font)              <5> on input line 4.
pdfTeX warning (ext4): destination with the same identifier (name{page.1}) has 
been already used, duplicate ignored
<to be read again> 
                   \relax 
l.30 ....2}Free Gas Network}{20}{subsection.3.1.2}
                                                  % [1

])
\tf@toc=\write5
\openout5 = `Tesi.toc'.

 [2]
Capitolo 1.
[3

]
Capitolo 2.
<./img//BF.jpg, id=323, 481.8pt x 216.05719pt>
File: ./img//BF.jpg Graphic file (type jpg)
<use ./img//BF.jpg>
Package pdftex.def Info: ./img//BF.jpg  used on input line 120.
(pdftex.def)             Requested size: 345.0pt x 154.71378pt.
[4

 <./img//BF.jpg>]
<./img//bl1.png, id=330, 408.02437pt x 204.765pt>
File: ./img//bl1.png Graphic file (type png)
<use ./img//bl1.png>
Package pdftex.def Info: ./img//bl1.png  used on input line 130.
(pdftex.def)             Requested size: 345.0pt x 173.14496pt.
 [5 <./img//bl1.png>]
<./img//bc1.png, id=340, 980.66376pt x 369.38pt>
File: ./img//bc1.png Graphic file (type png)
<use ./img//bc1.png>
Package pdftex.def Info: ./img//bc1.png  used on input line 142.
(pdftex.def)             Requested size: 345.0pt x 129.94437pt.


LaTeX Warning: `h' float specifier changed to `ht'.

<./img//flusso_bc.png, id=341, 770.88pt x 356.83313pt>
File: ./img//flusso_bc.png Graphic file (type png)
<use ./img//flusso_bc.png>
Package pdftex.def Info: ./img//flusso_bc.png  used on input line 150.
(pdftex.def)             Requested size: 345.0pt x 159.6968pt.

LaTeX Warning: `h' float specifier changed to `ht'.

[6] [7 <./img//bc1.png (PNG copy)> <./img//flusso_bc.png>]
<./img//bcbl.jpg, id=353, 578.16pt x 384.6872pt>
File: ./img//bcbl.jpg Graphic file (type jpg)
<use ./img//bcbl.jpg>
Package pdftex.def Info: ./img//bcbl.jpg  used on input line 161.
(pdftex.def)             Requested size: 345.0pt x 229.5462pt.
 [8 <./img//bcbl.jpg>]
<./img//Hash_Tree.png, id=361, 1204.5pt x 766.865pt>
File: ./img//Hash_Tree.png Graphic file (type png)
<use ./img//Hash_Tree.png>
Package pdftex.def Info: ./img//Hash_Tree.png  used on input line 180.
(pdftex.def)             Requested size: 345.0pt x 219.64703pt.
 [9 <./img//Hash_Tree.png>]
<./img//pow-pos.jpg, id=369, 1204.5pt x 501.875pt>
File: ./img//pow-pos.jpg Graphic file (type jpg)
<use ./img//pow-pos.jpg>
Package pdftex.def Info: ./img//pow-pos.jpg  used on input line 199.
(pdftex.def)             Requested size: 345.0pt x 143.74805pt.
 [10]
<./img//judge.jpg, id=375, 642.4pt x 642.4pt>
File: ./img//judge.jpg Graphic file (type jpg)
<use ./img//judge.jpg>
Package pdftex.def Info: ./img//judge.jpg  used on input line 211.
(pdftex.def)             Requested size: 165.0008pt x 165.00168pt.
 [11 <./img//pow-pos.jpg> <./img//judge.jpg>]
<./img//Selfish-mining-attack.jpg, id=382, 853.1875pt x 306.14375pt>
File: ./img//Selfish-mining-attack.jpg Graphic file (type jpg)
<use ./img//Selfish-mining-attack.jpg>
Package pdftex.def Info: ./img//Selfish-mining-attack.jpg  used on input line 2
20.
(pdftex.def)             Requested size: 345.0pt x 123.796pt.

[12 <./img//Selfish-mining-attack.jpg>]
<./img//dsa.png, id=389, 266.9975pt x 189.70876pt>
File: ./img//dsa.png Graphic file (type png)
<use ./img//dsa.png>
Package pdftex.def Info: ./img//dsa.png  used on input line 229.
(pdftex.def)             Requested size: 154.81383pt x 109.99832pt.
 [13 <./img//dsa.png>]
<./img//eth.png, id=396, 1204.5pt x 1204.5pt>
File: ./img//eth.png Graphic file (type png)
<use ./img//eth.png>
Package pdftex.def Info: ./img//eth.png  used on input line 244.
(pdftex.def)             Requested size: 109.98093pt x 109.99832pt.
 [14 <./img//eth.png>]
<./img//SmartC.png, id=406, 200.75pt x 200.75pt>
File: ./img//SmartC.png Graphic file (type png)
<use ./img//SmartC.png>
Package pdftex.def Info: ./img//SmartC.png  used on input line 254.
(pdftex.def)             Requested size: 109.9993pt x 109.99832pt.
 [15 <./img//SmartC.png>]
LaTeX Font Info:    Trying to load font information for T1+cmtt on input line 2
69.

(C:\Users\Giorgio\AppData\Local\Programs\MiKTeX\tex/latex/base\t1cmtt.fd
File: t1cmtt.fd 2019/12/16 v2.5j Standard LaTeX font definitions
)
LaTeX Font Info:    Font shape `T1/cmtt/bx/n' in size <8> not available
(Font)              Font shape `T1/cmtt/m/n' tried instead on input line 270.

[16] [17]
Capitolo 3.
<./img//Hyperledger_Besu.png, id=435, 92.0238pt x 97.3236pt>
File: ./img//Hyperledger_Besu.png Graphic file (type png)
<use ./img//Hyperledger_Besu.png>
Package pdftex.def Info: ./img//Hyperledger_Besu.png  used on input line 296.
(pdftex.def)             Requested size: 104.01096pt x 109.99832pt.
[18

 <./img//Hyperledger_Besu.png>] [19] [20]
(C:\Users\Giorgio\AppData\Local\Programs\MiKTeX\tex/latex/listings\lstlang1.sty
File: lstlang1.sty 2020/03/24 1.8d listings language file
)
(C:\Users\Giorgio\AppData\Local\Programs\MiKTeX\tex/latex/listings\lstlang2.sty
File: lstlang2.sty 2020/03/24 1.8d listings language file
)
(C:\Users\Giorgio\AppData\Local\Programs\MiKTeX\tex/latex/listings\lstlang3.sty
File: lstlang3.sty 2020/03/24 1.8d listings language file
) [21]
<./img//node-js.png, id=483, 1284.8pt x 642.4pt>
File: ./img//node-js.png Graphic file (type png)
<use ./img//node-js.png>
Package pdftex.def Info: ./img//node-js.png  used on input line 396.
(pdftex.def)             Requested size: 164.991pt x 82.49664pt.
 [22 <./img//node-js.png>] [23]
Capitolo 4.
[24

] [25] [26] [27]
Capitolo 5.
<./img//Schema_Progetto.jpeg, id=525, 845.0772pt x 597.432pt>
File: ./img//Schema_Progetto.jpeg Graphic file (type jpg)
<use ./img//Schema_Progetto.jpeg>
Package pdftex.def Info: ./img//Schema_Progetto.jpeg  used on input line 475.
(pdftex.def)             Requested size: 345.0pt x 243.90036pt.

LaTeX Warning: `h' float specifier changed to `ht'.

[28

] [29 <./img//Schema_Progetto.jpeg>]
<./img//Besu-avvio.png, id=549, 763.35187pt x 417.81094pt>
File: ./img//Besu-avvio.png Graphic file (type png)
<use ./img//Besu-avvio.png>
Package pdftex.def Info: ./img//Besu-avvio.png  used on input line 522.
(pdftex.def)             Requested size: 345.0pt x 188.82922pt.


LaTeX Warning: `h' float specifier changed to `ht'.

<./img//Besu-imported-produced.png, id=550, 765.6103pt x 338.01282pt>
File: ./img//Besu-imported-produced.png Graphic file (type png)
<use ./img//Besu-imported-produced.png>
Package pdftex.def Info: ./img//Besu-imported-produced.png  used on input line 
536.
(pdftex.def)             Requested size: 345.0pt x 152.31581pt.
[30] [31 <./img//Besu-avvio.png> <./img//Besu-imported-produced.png>]
(C:\Users\Giorgio\AppData\Local\Programs\MiKTeX\tex/latex/listings\lstlang1.sty
File: lstlang1.sty 2020/03/24 1.8d listings language file
) [32] [33] [34]
(C:\Users\Giorgio\AppData\Local\Programs\MiKTeX\tex/latex/listings\lstlang1.sty
File: lstlang1.sty 2020/03/24 1.8d listings language file
)
(C:\Users\Giorgio\AppData\Local\Programs\MiKTeX\tex/latex/listings\lstmisc.sty
File: lstmisc.sty 2020/03/24 1.8d (Carsten Heinz)
) [35]
<./img//HomePage.png, id=686, 931.22906pt x 397.485pt>
File: ./img//HomePage.png Graphic file (type png)
<use ./img//HomePage.png>
Package pdftex.def Info: ./img//HomePage.png  used on input line 678.
(pdftex.def)             Requested size: 345.0pt x 147.25516pt.
 [36 <./img//HomePage.png>]
Underfull \hbox (badness 10000) in paragraph at lines 691--692
[][]$\T1/cmtt/m/n/10 https : / / besu . hyperledger . org / en / stable / Tutor
ials /
 []

[37

pdfTeX warning (ext4): destination with the same identifier (name{cite.}) has b
een already used, duplicate ignored
<argument> ...shipout:D \box_use:N \l_shipout_box 
                                                  \__shipout_drop_firstpage_...
l.695 \chapter
              {Sviluppi futuri}]
Capitolo 6.
[38

] (Tesi.lof)
\tf@lof=\write6
\openout6 = `Tesi.lof'.

 [39

] (Tesi.aux)

LaTeX Warning: There were multiply-defined labels.


Package rerunfilecheck Warning: File `Tesi.out' has changed.
(rerunfilecheck)                Rerun to get outlines right
(rerunfilecheck)                or use package `bookmark'.

Package rerunfilecheck Info: Checksums for `Tesi.out':
(rerunfilecheck)             Before: 8C69C67E5838340D5D4A51BB30A221D5;6867
(rerunfilecheck)             After:  BB52B78BFB25B02574C707D95FA97FB1;6927.
 ) 
Here is how much of TeX's memory you used:
 13378 strings out of 478927
 197284 string characters out of 2851587
 876320 words of memory out of 3000000
 30754 multiletter control sequences out of 15000+600000
 415868 words of font info for 45 fonts, out of 8000000 for 9000
 1141 hyphenation exceptions out of 8191
 60i,12n,66p,2033b,2102s stack positions out of 5000i,500n,10000p,200000b,80000s
 <C:\Users\Giorgio\AppData\Local\MiKTeX\fonts/pk/ljfour/jknappen/ec/dpi600\ec
ti1000.pk> <C:\Users\Giorgio\AppData\Local\MiKTeX\fonts/pk/ljfour/jknappen/ec/d
pi600\ectt1000.pk> <C:\Users\Giorgio\AppData\Local\MiKTeX\fonts/pk/ljfour/jknap
pen/ec/dpi600\ecrm0700.pk> <C:\Users\Giorgio\AppData\Local\MiKTeX\fonts/pk/ljfo
ur/jknappen/ec/dpi600\ectt0800.pk> <C:\Users\Giorgio\AppData\Local\MiKTeX\fonts
/pk/ljfour/jknappen/ec/dpi600\ecrm0800.pk> <C:\Users\Giorgio\AppData\Local\MiKT
eX\fonts/pk/ljfour/jknappen/ec/dpi600\ecbx1200.pk> <C:\Users\Giorgio\AppData\Lo
cal\MiKTeX\fonts/pk/ljfour/jknappen/ec/dpi600\tcrm1000.pk> <C:\Users\Giorgio\Ap
pData\Local\MiKTeX\fonts/pk/ljfour/jknappen/ec/dpi600\ecbx1440.pk> <C:\Users\Gi
orgio\AppData\Local\MiKTeX\fonts/pk/ljfour/jknappen/ec/dpi600\ecbx2074.pk> <C:\
Users\Giorgio\AppData\Local\MiKTeX\fonts/pk/ljfour/jknappen/ec/dpi600\ecbx0900.
pk> <C:\Users\Giorgio\AppData\Local\MiKTeX\fonts/pk/ljfour/jknappen/ec/dpi600\e
cbx2488.pk> <C:\Users\Giorgio\AppData\Local\MiKTeX\fonts/pk/ljfour/jknappen/ec/
dpi600\ecrm1000.pk> <C:\Users\Giorgio\AppData\Local\MiKTeX\fonts/pk/ljfour/jkna
ppen/ec/dpi600\ecbx1000.pk><C:/Users/Giorgio/AppData/Local/Programs/MiKTeX/font
s/type1/public/amsfonts/cm/cmbx12.pfb><C:/Users/Giorgio/AppData/Local/Programs/
MiKTeX/fonts/type1/public/amsfonts/cm/cmbx9.pfb><C:/Users/Giorgio/AppData/Local
/Programs/MiKTeX/fonts/type1/public/amsfonts/cm/cmcsc10.pfb><C:/Users/Giorgio/A
ppData/Local/Programs/MiKTeX/fonts/type1/public/amsfonts/cm/cmr10.pfb><C:/Users
/Giorgio/AppData/Local/Programs/MiKTeX/fonts/type1/public/amsfonts/cm/cmr12.pfb
><C:/Users/Giorgio/AppData/Local/Programs/MiKTeX/fonts/type1/public/amsfonts/cm
/cmr7.pfb><C:/Users/Giorgio/AppData/Local/Programs/MiKTeX/fonts/type1/public/am
sfonts/cm/cmsy7.pfb>
Output written on Tesi.pdf (41 pages, 1784123 bytes).
PDF statistics:
 1363 PDF objects out of 1440 (max. 8388607)
 295 named destinations out of 1000 (max. 500000)
 520 words of extra memory for PDF output out of 10000 (max. 10000000)

